0: b := ?
1: contents b, 0 := ?
2: contents b, 1 := 5
3: r1 := 0
4: pc := ?
5: halt
6: r2 := contents b, 4 
7: r3 := contents b, 5 
8: r4 := r2 = r3
9: pc := ? if not r4
10: r1 := 3
11: pc := ?
12: pc := ?
13: r5 := 52
14: r6 := contents b, 4 
15: r7 := r6 = r5
16: pc := ? if not r7
17: r8 := 0
18: r9 := contents b, 5 
19: r10 := r9 < r8
20: pc := ? if not r10
21: r11 := 0
22: r12 := contents b, r4
23: contents b, r12, 6 := r11
24: pc := ?
25: pc := 21
26: pc := ?
27: r13 := 0
28: r14 := contents b, 5 
29: r15 := r14 = r13
30: pc := ? if not r15
31: r16 := 0
32: contents b, 4 := r16
33: pc := ?
34: r17 := 73
35: contents b, 4 := r17
36: r18 := b
37: r18 := contents r18, 2
38: contents r18, 5 := contents b, 5
39: pc := ?
40: pc := r1, ?
41: r1 := 2
42: pc := ?
43: r1 := 0
44: pc := ?
45: pc := 48
46: pc := 48
47: pc := 41
48: r19 := contents b, 1
49: b := contents b, 3
50: pc := r19
51: r20 := b
52: b := contents r20, 0 
53: contents b, 3 := r20
54: r21 := contents r20, 2
55: r21 := contents r21, 2
56: contents b, 2 := r21
57: r22 := 10
58: contents b, 0 := b + r22
59: r23 := 63
60: contents b, 1 := r23
61: pc := 6 
62: pc := ? if r1
63: r24 := contents b, 1
64: b := contents b, 3
65: pc := r24
66: r25 := 2
67: r26 := contents b, 4
68: r27 := r26 + r25
69: r28 := b
70: b := contents r28, 0 
71: contents b, 3 := r28
72: contents b, 2 := r28
73: r29 := 9
74: contents b, 0 := b + r29
75: contents b, 4 := r27
76: r30 := 80
77: contents b, 1 := r30
78: pc := 51 
79: pc := ? if r1
80: r31 := contents b, 5
81: contents r31 := contents b, 4
82: r32 := contents b, 1
83: b := contents b, 3
84: pc := r32
85: r33 := 4
86: contents b, 4 := r33
87: r34 := b
88: b := contents r34, 0 
89: contents b, 3 := r34
90: contents b, 2 := r34
91: r35 := 9
92: contents b, 0 := b + r35
93: contents b, 4 := contents r34, 4
94: r36 := 4
95: r37 := r34 + r36
96: contents b, 5 := r37
97: r38 := 101
98: contents b, 1 := r38
99: pc := 66 
100: pc := ? if r1
101: pc := ?
102: pc := r1, ?
103: r39 := 44
104: contents b, 5 := r39
105: r1 := 0
106: pc := ?
107: r40 := 46
108: contents b, 5 := r40
109: r1 := 0
110: pc := ?
111: pc := 103
112: pc := 107
113: pc := 107
114: r41 := contents b, 1
115: b := contents b, 3
116: pc := r41
